<?xml version="1.0" encoding="UTF-8"?>
<!-- Generated by org.testng.reporters.JUnitReportReporter -->
<testsuite hostname="LP-213268337" failures="0" tests="1" name="refression.regtc1" time="0.003" errors="0" timestamp="2024-01-31T21:32:44 IST" skipped="0">
  <testcase classname="refression.regtc1" name="regressiontestcase1" time="0.003"/>
</testsuite> <!-- refression.regtc1 -->
