<?xml version="1.0" encoding="UTF-8"?>
<!-- Generated by org.testng.reporters.JUnitReportReporter -->
<testsuite hostname="LP-213268337" failures="0" tests="1" name="systemtestsuite.sustc1" time="0.002" errors="0" timestamp="2024-01-31T21:32:44 IST" skipped="0">
  <testcase classname="systemtestsuite.sustc1" name="systemtestcase1" time="0.002"/>
</testsuite> <!-- systemtestsuite.sustc1 -->
