<?xml version="1.0" encoding="UTF-8"?>
<!-- Generated by org.testng.reporters.JUnitReportReporter -->
<testsuite hostname="LP-213268337" failures="0" tests="1" name="TestNg.nnewonw" time="0.006" errors="0" timestamp="2024-01-29T19:48:06 IST" skipped="0">
  <testcase classname="TestNg.nnewonw" name="mytestone" time="0.006"/>
</testsuite> <!-- TestNg.nnewonw -->
