<?xml version="1.0" encoding="UTF-8"?>
<!-- Generated by org.testng.reporters.JUnitReportReporter -->
<testsuite hostname="LP-213268337" failures="0" tests="2" name="Check_validate" time="3.760" errors="0" timestamp="2024-04-25T18:13:42 IST" skipped="0">
  <testcase classname="Check_validate" name="testPresenceOfOtherLanguagesLink" time="0.349"/>
  <system-out/>
  <testcase classname="Check_validate" name="testCurrentURL" time="3.411"/>
  <system-out/>
</testsuite> <!-- Check_validate -->
