<?xml version="1.0" encoding="UTF-8"?>
<!-- Generated by org.testng.reporters.JUnitReportReporter -->
<testsuite hostname="LP-213268337" failures="0" tests="1" name="Sanity.santc2" time="0.001" errors="0" timestamp="2024-01-31T21:32:44 IST" skipped="0">
  <testcase classname="Sanity.santc2" name="sanitytestcase2" time="0.001"/>
</testsuite> <!-- Sanity.santc2 -->
