<?xml version="1.0" encoding="UTF-8"?>
<!-- Generated by org.testng.reporters.JUnitReportReporter -->
<testsuite hostname="LP-213268337" failures="0" tests="5" name="PriorityTest" time="61.173" errors="0" timestamp="2024-04-26T14:50:04 IST" skipped="1">
  <testcase classname="PriorityTest" name="testDisabled2" time="13.407"/>
  <system-out/>
  <testcase classname="PriorityTest" name="testTitle" time="14.648"/>
  <system-out/>
  <testcase classname="PriorityTest" name="testDisabled1" time="18.764"/>
  <system-out/>
  <testcase classname="PriorityTest" name="testEnabled" time="14.354"/>
  <system-out/>
  <testcase classname="PriorityTest" name="testDisabled3">
    <skipped/>
  </testcase> <!-- testDisabled3 -->
  <system-out/>
</testsuite> <!-- PriorityTest -->
