<?xml version="1.0" encoding="UTF-8"?>
<!-- Generated by org.testng.reporters.JUnitReportReporter -->
<testsuite hostname="LP-213268337" failures="0" tests="3" name="TestNg.first" time="0.001" errors="0" timestamp="2024-01-31T21:32:44 IST" skipped="1">
  <testcase classname="TestNg.first" name="BMytirdTest" time="0.000"/>
  <testcase classname="TestNg.first" name="CMyFirstTest" time="0.001"/>
  <testcase classname="TestNg.first" name="AMysecondTest">
    <skipped/>
  </testcase> <!-- AMysecondTest -->
</testsuite> <!-- TestNg.first -->
