<?xml version="1.0" encoding="UTF-8"?>
<!-- Generated by org.testng.reporters.JUnitReportReporter -->
<testsuite hostname="LP-213268337" failures="0" tests="2" name="TestNg.Annotataions" time="0.003" errors="0" timestamp="2024-01-31T21:32:44 IST" skipped="0">
  <testcase classname="TestNg.Annotataions" name="testcases2" time="0.001"/>
  <testcase classname="TestNg.Annotataions" name="testcases1" time="0.002"/>
</testsuite> <!-- TestNg.Annotataions -->
