<?xml version="1.0" encoding="UTF-8"?>
<!-- Generated by org.testng.reporters.JUnitReportReporter -->
<testsuite hostname="LP-213268337" failures="0" tests="2" name="TestNg.Titlevalidation" time="19.548" errors="0" timestamp="2024-01-31T21:32:44 IST" skipped="0">
  <testcase classname="TestNg.Titlevalidation" name="checkurl" time="9.369"/>
  <testcase classname="TestNg.Titlevalidation" name="validatetitle" time="10.179"/>
</testsuite> <!-- TestNg.Titlevalidation -->
