<?xml version="1.0" encoding="UTF-8"?>
<!-- Generated by org.testng.reporters.JUnitReportReporter -->
<testsuite hostname="LP-213268337" failures="0" tests="2" name="TestNg.using_test" time="0.032" errors="0" timestamp="2024-01-31T21:32:44 IST" skipped="0">
  <testcase classname="TestNg.using_test" name="validatetitle" time="0.012"/>
  <testcase classname="TestNg.using_test" name="checkurl" time="0.020"/>
</testsuite> <!-- TestNg.using_test -->
